app/build/intermediates/manifest_merge_blame_file/debug/manifest-merger-blame-debug-report.txt
1<?xml version="1.0" encoding="utf-8"?>
2<manifest xmlns:android="http://schemas.android.com/apk/res/android"
3    package="com.example.capstoneandroidapp"
4    android:versionCode="1"
5    android:versionName="1.0" >
6
7    <uses-sdk
7-->src\main\AndroidManifest.xml:6:5-17
8        android:minSdkVersion="29"
8-->src\main\AndroidManifest.xml:6:5-17
9        android:targetSdkVersion="30" />
9-->src\main\AndroidManifest.xml:6:5-17
10    package="org.tensorflow.lite.examples.detection">
11    <uses-permission android:name="android.permission.INTERNET" /> <!-- 인터넷 권한 선언 -->
11-->src\main\AndroidManifest.xml:8:5-66
11-->src\main\AndroidManifest.xml:8:22-64
12    <uses-permission android:name="android.permission.CAMERA" />
12-->src\main\AndroidManifest.xml:9:5-65
12-->src\main\AndroidManifest.xml:9:22-62
13
14    <uses-feature android:name="android.hardware.camera" />
14-->src\main\AndroidManifest.xml:11:5-60
14-->src\main\AndroidManifest.xml:11:19-57
15    <uses-feature android:name="android.hardware.camera.autofocus" />
15-->src\main\AndroidManifest.xml:12:5-70
15-->src\main\AndroidManifest.xml:12:19-67
16
17    <!-- Although the *SdkVersion is captured in gradle build files, this is required for non gradle builds -->
18    <!-- <uses-sdk android:minSdkVersion="14"/> -->
19    <uses-permission android:name="android.permission.ACCESS_NETWORK_STATE" />
19-->[com.google.android.datatransport:transport-backend-cct:2.2.2] AndroidManifest.xml:25:5-79
19-->[com.google.android.datatransport:transport-backend-cct:2.2.2] AndroidManifest.xml:25:22-76
20
21    <application
21-->src\main\AndroidManifest.xml:14:5-44:19
22        android:allowBackup="true"
22-->src\main\AndroidManifest.xml:16:9-35
23        android:appComponentFactory="androidx.core.app.CoreComponentFactory"
23-->[androidx.core:core:1.5.0] AndroidManifest.xml:24:18-86
24        android:debuggable="true"
25        android:extractNativeLibs="false"
26        android:icon="@mipmap/ic_launcher"
26-->src\main\AndroidManifest.xml:18:9-43
27        android:label="@string/app_name"
27-->src\main\AndroidManifest.xml:19:9-41
28        android:roundIcon="@mipmap/ic_launcher_round"
28-->src\main\AndroidManifest.xml:21:9-54
29        android:supportsRtl="true"
29-->src\main\AndroidManifest.xml:22:9-35
30        android:testOnly="true"
31        android:theme="@style/Theme.CapstoneAndroidApp"
31-->src\main\AndroidManifest.xml:23:9-56
32        android:usesCleartextTraffic="true" >
32-->src\main\AndroidManifest.xml:15:9-44
33        <activity android:name="com.example.capstoneandroidapp.LoginActivity" >
33-->src\main\AndroidManifest.xml:25:9-31:20
33-->src\main\AndroidManifest.xml:25:19-48
34            <intent-filter>
34-->src\main\AndroidManifest.xml:26:13-30:29
35                <action android:name="android.intent.action.MAIN" />
35-->src\main\AndroidManifest.xml:27:13-65
35-->src\main\AndroidManifest.xml:27:21-62
36
37                <category android:name="android.intent.category.LAUNCHER" />
37-->src\main\AndroidManifest.xml:29:13-73
37-->src\main\AndroidManifest.xml:29:23-70
38            </intent-filter>
39        </activity>
40        <activity
40-->src\main\AndroidManifest.xml:32:9-35:51
41            android:name="com.example.capstoneandroidapp.DetectorActivity"
41-->src\main\AndroidManifest.xml:32:19-51
42            android:label="@string/tfe_od_app_name"
42-->src\main\AndroidManifest.xml:34:13-52
43            android:screenOrientation="portrait"
43-->src\main\AndroidManifest.xml:35:13-49
44            android:theme="@style/AppTheme.ObjectDetection" />
44-->src\main\AndroidManifest.xml:33:13-60
45        <activity
45-->src\main\AndroidManifest.xml:36:9-40:51
46            android:name="com.example.capstoneandroidapp.MaskDetectorActivity"
46-->src\main\AndroidManifest.xml:37:13-49
47            android:label="@string/tfe_od_app_name"
47-->src\main\AndroidManifest.xml:39:13-52
48            android:screenOrientation="portrait"
48-->src\main\AndroidManifest.xml:40:13-49
49            android:theme="@style/AppTheme.ObjectDetection" />
49-->src\main\AndroidManifest.xml:38:13-60
50        <activity android:name="com.example.capstoneandroidapp.RegisterActivity" />
50-->src\main\AndroidManifest.xml:41:9-54
50-->src\main\AndroidManifest.xml:41:19-51
51        <activity android:name="com.example.capstoneandroidapp.MainActivity" />
51-->src\main\AndroidManifest.xml:42:9-49
51-->src\main\AndroidManifest.xml:42:19-47
52
53        <service
53-->[com.google.android.gms:play-services-mlkit-face-detection:16.0.0] AndroidManifest.xml:9:9-15:19
54            android:name="com.google.mlkit.common.internal.MlKitComponentDiscoveryService"
54-->[com.google.android.gms:play-services-mlkit-face-detection:16.0.0] AndroidManifest.xml:10:13-91
55            android:directBootAware="true"
55-->[com.google.mlkit:common:16.0.0] AndroidManifest.xml:17:13-43
56            android:exported="false" >
56-->[com.google.android.gms:play-services-mlkit-face-detection:16.0.0] AndroidManifest.xml:11:13-37
57            <meta-data
57-->[com.google.android.gms:play-services-mlkit-face-detection:16.0.0] AndroidManifest.xml:12:13-14:85
58                android:name="com.google.firebase.components:com.google.mlkit.vision.face.internal.FaceRegistrar"
58-->[com.google.android.gms:play-services-mlkit-face-detection:16.0.0] AndroidManifest.xml:13:17-114
59                android:value="com.google.firebase.components.ComponentRegistrar" />
59-->[com.google.android.gms:play-services-mlkit-face-detection:16.0.0] AndroidManifest.xml:14:17-82
60            <meta-data
60-->[com.google.mlkit:vision-common:16.0.0] AndroidManifest.xml:12:13-14:85
61                android:name="com.google.firebase.components:com.google.mlkit.vision.common.internal.VisionCommonRegistrar"
61-->[com.google.mlkit:vision-common:16.0.0] AndroidManifest.xml:13:17-124
62                android:value="com.google.firebase.components.ComponentRegistrar" />
62-->[com.google.mlkit:vision-common:16.0.0] AndroidManifest.xml:14:17-82
63            <meta-data
63-->[com.google.mlkit:common:16.0.0] AndroidManifest.xml:20:13-22:85
64                android:name="com.google.firebase.components:com.google.mlkit.common.internal.CommonComponentRegistrar"
64-->[com.google.mlkit:common:16.0.0] AndroidManifest.xml:21:17-120
65                android:value="com.google.firebase.components.ComponentRegistrar" />
65-->[com.google.mlkit:common:16.0.0] AndroidManifest.xml:22:17-82
66        </service>
67
68        <provider
68-->[com.google.mlkit:common:16.0.0] AndroidManifest.xml:9:9-13:38
69            android:name="com.google.mlkit.common.internal.MlKitInitProvider"
69-->[com.google.mlkit:common:16.0.0] AndroidManifest.xml:10:13-78
70            android:authorities="com.example.capstoneandroidapp.mlkitinitprovider"
70-->[com.google.mlkit:common:16.0.0] AndroidManifest.xml:11:13-69
71            android:exported="false"
71-->[com.google.mlkit:common:16.0.0] AndroidManifest.xml:12:13-37
72            android:initOrder="99" />
72-->[com.google.mlkit:common:16.0.0] AndroidManifest.xml:13:13-35
73
74        <activity
74-->[com.google.android.gms:play-services-base:17.0.0] AndroidManifest.xml:23:9-26:75
75            android:name="com.google.android.gms.common.api.GoogleApiActivity"
75-->[com.google.android.gms:play-services-base:17.0.0] AndroidManifest.xml:24:13-79
76            android:exported="false"
76-->[com.google.android.gms:play-services-base:17.0.0] AndroidManifest.xml:25:13-37
77            android:theme="@android:style/Theme.Translucent.NoTitleBar" />
77-->[com.google.android.gms:play-services-base:17.0.0] AndroidManifest.xml:26:13-72
78
79        <meta-data
79-->[com.google.android.gms:play-services-basement:17.0.0] AndroidManifest.xml:23:9-25:69
80            android:name="com.google.android.gms.version"
80-->[com.google.android.gms:play-services-basement:17.0.0] AndroidManifest.xml:24:13-58
81            android:value="@integer/google_play_services_version" />
81-->[com.google.android.gms:play-services-basement:17.0.0] AndroidManifest.xml:25:13-66
82
83        <service
83-->[com.google.android.datatransport:transport-backend-cct:2.2.2] AndroidManifest.xml:29:9-35:19
84            android:name="com.google.android.datatransport.runtime.backends.TransportBackendDiscovery"
84-->[com.google.android.datatransport:transport-backend-cct:2.2.2] AndroidManifest.xml:30:13-103
85            android:exported="false" >
85-->[com.google.android.datatransport:transport-backend-cct:2.2.2] AndroidManifest.xml:31:13-37
86            <meta-data
86-->[com.google.android.datatransport:transport-backend-cct:2.2.2] AndroidManifest.xml:32:13-34:39
87                android:name="backend:com.google.android.datatransport.cct.CctBackendFactory"
87-->[com.google.android.datatransport:transport-backend-cct:2.2.2] AndroidManifest.xml:33:17-94
88                android:value="cct" />
88-->[com.google.android.datatransport:transport-backend-cct:2.2.2] AndroidManifest.xml:34:17-36
89        </service>
90        <service
90-->[com.google.android.datatransport:transport-runtime:2.2.2] AndroidManifest.xml:26:9-30:19
91            android:name="com.google.android.datatransport.runtime.scheduling.jobscheduling.JobInfoSchedulerService"
91-->[com.google.android.datatransport:transport-runtime:2.2.2] AndroidManifest.xml:27:13-117
92            android:exported="false"
92-->[com.google.android.datatransport:transport-runtime:2.2.2] AndroidManifest.xml:28:13-37
93            android:permission="android.permission.BIND_JOB_SERVICE" >
93-->[com.google.android.datatransport:transport-runtime:2.2.2] AndroidManifest.xml:29:13-69
94        </service>
95
96        <receiver
96-->[com.google.android.datatransport:transport-runtime:2.2.2] AndroidManifest.xml:32:9-34:40
97            android:name="com.google.android.datatransport.runtime.scheduling.jobscheduling.AlarmManagerSchedulerBroadcastReceiver"
97-->[com.google.android.datatransport:transport-runtime:2.2.2] AndroidManifest.xml:33:13-132
98            android:exported="false" />
98-->[com.google.android.datatransport:transport-runtime:2.2.2] AndroidManifest.xml:34:13-37
99    </application>
100
101</manifest>